[2020-04-18 22:54:04.326]: entering -- org.netbeans.installer.Installer.main():61
[2020-04-18 22:54:04.326]: initializing the installer engine
[2020-04-18 22:54:04.326]:     entering -- org.netbeans.installer.Installer.<init>():96
[2020-04-18 22:54:04.326]:     ... initializing ErrorHandler
[2020-04-18 22:54:04.326]:     ... end of ErrorHandler initialization
[2020-04-18 22:54:04.326]:     exiting -- org.netbeans.installer.Installer.<init>():96
[2020-04-18 22:54:04.326]:     entering -- org.netbeans.installer.Installer.<init>():97
[2020-04-18 22:54:04.326]:     dumping target system information
[2020-04-18 22:54:04.326]:         system properties:
[2020-04-18 22:54:04.326]:             awt.toolkit => sun.awt.windows.WToolkit
[2020-04-18 22:54:04.326]:             file.encoding => Cp1252
[2020-04-18 22:54:04.326]:             file.encoding.pkg => sun.io
[2020-04-18 22:54:04.326]:             file.separator => \
[2020-04-18 22:54:04.326]:             java.awt.graphicsenv => sun.awt.Win32GraphicsEnvironment
[2020-04-18 22:54:04.326]:             java.awt.printerjob => sun.awt.windows.WPrinterJob
[2020-04-18 22:54:04.326]:             java.class.path => C:\Users\andre\AppData\Local\Temp\\NBI47829.tmp\bundle.jar
[2020-04-18 22:54:04.326]:             java.class.version => 52.0
[2020-04-18 22:54:04.326]:             java.endorsed.dirs => C:\Program Files\Java\jre1.8.0_241\lib\endorsed
[2020-04-18 22:54:04.326]:             java.ext.dirs => C:\Program Files\Java\jre1.8.0_241\lib\ext;C:\windows\Sun\Java\lib\ext
[2020-04-18 22:54:04.326]:             java.home => C:\Program Files\Java\jre1.8.0_241
[2020-04-18 22:54:04.326]:             java.io.tmpdir => C:\Users\andre\AppData\Local\Temp\
[2020-04-18 22:54:04.326]:             java.library.path => C:\Program Files\Java\jre1.8.0_241\bin;C:\windows\Sun\Java\bin;C:\windows\system32;C:\windows;C:\Program Files (x86)\NVIDIA Corporation\PhysX\Common;C:\Program Files (x86)\Common Files\Oracle\Java\javapath;C:\windows\system32;C:\windows;C:\windows\System32\Wbem;C:\windows\System32\WindowsPowerShell\v1.0\;C:\windows\System32\OpenSSH\;C:\Users\andre\AppData\Local\Microsoft\WindowsApps;.
[2020-04-18 22:54:04.326]:             java.runtime.name => Java(TM) SE Runtime Environment
[2020-04-18 22:54:04.326]:             java.runtime.version => 1.8.0_241-b07
[2020-04-18 22:54:04.326]:             java.specification.name => Java Platform API Specification
[2020-04-18 22:54:04.326]:             java.specification.vendor => Oracle Corporation
[2020-04-18 22:54:04.326]:             java.specification.version => 1.8
[2020-04-18 22:54:04.326]:             java.vendor => Oracle Corporation
[2020-04-18 22:54:04.326]:             java.vendor.url => http://java.oracle.com/
[2020-04-18 22:54:04.326]:             java.vendor.url.bug => http://bugreport.sun.com/bugreport/
[2020-04-18 22:54:04.326]:             java.version => 1.8.0_241
[2020-04-18 22:54:04.326]:             java.vm.info => mixed mode
[2020-04-18 22:54:04.326]:             java.vm.name => Java HotSpot(TM) 64-Bit Server VM
[2020-04-18 22:54:04.326]:             java.vm.specification.name => Java Virtual Machine Specification
[2020-04-18 22:54:04.326]:             java.vm.specification.vendor => Oracle Corporation
[2020-04-18 22:54:04.326]:             java.vm.specification.version => 1.8
[2020-04-18 22:54:04.326]:             java.vm.vendor => Oracle Corporation
[2020-04-18 22:54:04.326]:             java.vm.version => 25.241-b07
[2020-04-18 22:54:04.326]:             line.separator => 
[2020-04-18 22:54:04.326]:             netbeans.default_cachedir_root => C:\Users\andre\AppData\Local\NetBeans\Cache
[2020-04-18 22:54:04.326]:             netbeans.default_userdir_root => C:\Users\andre\AppData\Roaming\NetBeans
[2020-04-18 22:54:04.326]:             os.arch => amd64
[2020-04-18 22:54:04.326]:             os.name => Windows 10
[2020-04-18 22:54:04.326]:             os.version => 10.0
[2020-04-18 22:54:04.326]:             path.separator => ;
[2020-04-18 22:54:04.326]:             sun.arch.data.model => 64
[2020-04-18 22:54:04.326]:             sun.boot.class.path => C:\Program Files\Java\jre1.8.0_241\lib\resources.jar;C:\Program Files\Java\jre1.8.0_241\lib\rt.jar;C:\Program Files\Java\jre1.8.0_241\lib\sunrsasign.jar;C:\Program Files\Java\jre1.8.0_241\lib\jsse.jar;C:\Program Files\Java\jre1.8.0_241\lib\jce.jar;C:\Program Files\Java\jre1.8.0_241\lib\charsets.jar;C:\Program Files\Java\jre1.8.0_241\lib\jfr.jar;C:\Program Files\Java\jre1.8.0_241\classes
[2020-04-18 22:54:04.326]:             sun.boot.library.path => C:\Program Files\Java\jre1.8.0_241\bin
[2020-04-18 22:54:04.326]:             sun.cpu.endian => little
[2020-04-18 22:54:04.326]:             sun.cpu.isalist => amd64
[2020-04-18 22:54:04.326]:             sun.desktop => windows
[2020-04-18 22:54:04.326]:             sun.io.unicode.encoding => UnicodeLittle
[2020-04-18 22:54:04.326]:             sun.java.command => org.netbeans.installer.Installer
[2020-04-18 22:54:04.326]:             sun.java.launcher => SUN_STANDARD
[2020-04-18 22:54:04.326]:             sun.jnu.encoding => Cp1252
[2020-04-18 22:54:04.326]:             sun.management.compiler => HotSpot 64-Bit Tiered Compilers
[2020-04-18 22:54:04.326]:             sun.os.patch.level => 
[2020-04-18 22:54:04.326]:             user.country => CO
[2020-04-18 22:54:04.326]:             user.dir => C:\Users\andre\Downloads
[2020-04-18 22:54:04.326]:             user.home => C:\Users\andre
[2020-04-18 22:54:04.326]:             user.language => es
[2020-04-18 22:54:04.326]:             user.name => andre
[2020-04-18 22:54:04.326]:             user.script => 
[2020-04-18 22:54:04.326]:             user.timezone => America/Bogota
[2020-04-18 22:54:04.326]:             user.variant => 
[2020-04-18 22:54:04.326]:     ... end of target system information
[2020-04-18 22:54:04.326]:     exiting -- org.netbeans.installer.Installer.<init>():97
[2020-04-18 22:54:04.342]:     loading jni library
[2020-04-18 22:54:04.342]:         library resource path: native/jnilib/windows/windows-x64.dll
[2020-04-18 22:54:04.482]:         library file path: C:\Users\andre\AppData\Local\Temp\nbi-3353821835584882700.tmp
[2020-04-18 22:54:04.514]:         ... successfully loaded the library
[2020-04-18 22:54:04.514]:     entering -- org.netbeans.installer.Installer.<init>():102
[2020-04-18 22:54:04.514]:     parsing command-line arguments
[2020-04-18 22:54:04.514]:         ... no command line arguments were specified
[2020-04-18 22:54:04.514]:     ... finished parsing command line arguments
[2020-04-18 22:54:04.514]:     exiting -- org.netbeans.installer.Installer.<init>():102
[2020-04-18 22:54:04.514]:     entering -- org.netbeans.installer.Installer.<init>():103
[2020-04-18 22:54:04.514]:     loading engine properties
[2020-04-18 22:54:04.514]:         loading engine properties
[2020-04-18 22:54:04.514]:             loading nbi.wizard.ui.swing.frame.width.default => 600
[2020-04-18 22:54:04.514]:             loading nbi.wizard.ui.swing.frame.width.gtk => 704
[2020-04-18 22:54:04.514]:             loading nbi.wizard.ui.swing.frame.head.right.image => resource:org/netbeans/installer/wizard/wizard-description-background.png
[2020-04-18 22:54:04.514]:             loading nbi.wizard.ui.swing.frame.minimum.width.nimbus => 624
[2020-04-18 22:54:04.514]:             loading nbi.wizard.ui.swing.frame.minimum.height.win.xp => 450
[2020-04-18 22:54:04.514]:             loading nbi.wizard.ui.swing.frame.minimum.height.nimbus => 512
[2020-04-18 22:54:04.514]:             loading nbi.wizard.ui.swing.frame.title.prefix => Apache NetBeans IDE Installer
[2020-04-18 22:54:04.514]:             loading nbi.wizard.ui.swing.frame.width.nimbus => 624
[2020-04-18 22:54:04.514]:             loading nbi.wizard.ui.swing.frame.width.win.xp => 600
[2020-04-18 22:54:04.514]:             loading nbi.overall.license.jdk5.resource => org/netbeans/installer/product/components/netbeans-license-jdk5.txt
[2020-04-18 22:54:04.514]:             loading nbi.wizard.ui.swing.frame.minimum.height.win.classic => 442
[2020-04-18 22:54:04.514]:             loading nbi.overall.license.jtb.resource => org/netbeans/installer/product/components/netbeans-license-jtb.txt
[2020-04-18 22:54:04.514]:             loading nbi.wizard.ui.swing.frame.minimum.width.default => 600
[2020-04-18 22:54:04.514]:             loading nbi.wizard.ui.swing.frame.height.motif => 470
[2020-04-18 22:54:04.514]:             loading nbi.wizard.ui.swing.frame.height.aqua => 480
[2020-04-18 22:54:04.514]:             loading nbi.wizard.ui.swing.frame.minimum.width.win.xp => 600
[2020-04-18 22:54:04.514]:             loading nbi.wizard.ui.swing.frame.minimum.height.aqua => 480
[2020-04-18 22:54:04.514]:             loading nbi.overall.license.jdk6.resource => org/netbeans/installer/product/components/netbeans-license-jdk6.txt
[2020-04-18 22:54:04.514]:             loading nbi.wizard.ui.swing.frame.minimum.height.default => 500
[2020-04-18 22:54:04.514]:             loading nbi.product.suggest.install => true
[2020-04-18 22:54:04.514]:             loading nbi.overall.license.mysql.resource => org/netbeans/installer/product/components/netbeans-license-mysql.txt
[2020-04-18 22:54:04.514]:             loading nbi.wizard.ui.swing.frame.icon => resource:org/netbeans/installer/wizard/wizard-icon.png
[2020-04-18 22:54:04.514]:             loading nbi.wizard.ui.swing.frame.minimum.height.gtk => 528
[2020-04-18 22:54:04.514]:             loading nbi.wizard.ui.swing.frame.width.aqua => 640
[2020-04-18 22:54:04.514]:             loading nbi.wizard.ui.swing.frame.minimum.height.motif => 470
[2020-04-18 22:54:04.514]:             loading nbi.wizard.ui.swing.frame.width.motif => 624
[2020-04-18 22:54:04.514]:             loading nbi.product.remove.corrupted.products.silently => true
[2020-04-18 22:54:04.514]:             loading nbi.wizard.ui.swing.frame.minimum.width.win.classic => 588
[2020-04-18 22:54:04.514]:             loading nbi.wizard.ui.swing.welcome.left.bottom.image => resource:org/netbeans/installer/wizard/components/panels/netbeans/resources/welcome-left-bottom.png
[2020-04-18 22:54:04.514]:             loading nbi.overall.license.resource => org/netbeans/installer/product/components/netbeans-license.txt
[2020-04-18 22:54:04.514]:             loading nbi.macosx.application.directory.name => NetBeans IDE Installer
[2020-04-18 22:54:04.514]:             loading nbi.wizard.ui.swing.frame.height.gtk => 528
[2020-04-18 22:54:04.514]:             loading nbi.wizard.ui.swing.frame.minimum.width.metal => 624
[2020-04-18 22:54:04.514]:             loading nbi.wizard.ui.swing.frame.minimum.width.motif => 624
[2020-04-18 22:54:04.514]:             loading nbi.wizard.ui.swing.frame.height.metal => 470
[2020-04-18 22:54:04.514]:             loading nbi.wizard.ui.swing.frame.minimum.width.gtk => 704
[2020-04-18 22:54:04.514]:             loading nbi.junit.license.resource => org/netbeans/installer/product/components/junit-license.txt
[2020-04-18 22:54:04.514]:             loading nbi.wizard.ui.swing.frame.width.metal => 624
[2020-04-18 22:54:04.514]:             loading nbi.wizard.ui.swing.frame.height.win.classic => 442
[2020-04-18 22:54:04.529]:             loading nbi.wizard.ui.swing.frame.height.win.xp => 450
[2020-04-18 22:54:04.529]:             loading nbi.wizard.ui.swing.frame.height.default => 500
[2020-04-18 22:54:04.529]:             loading nbi.wizard.ui.swing.frame.height.nimbus => 512
[2020-04-18 22:54:04.529]:             loading nbi.overall.license.javafx.resource => org/netbeans/installer/product/components/netbeans-license-javafx.txt
[2020-04-18 22:54:04.529]:             loading nbi.wizard.ui.swing.frame.title.pattern => {0}
[2020-04-18 22:54:04.529]:             loading nbi.wizard.ui.swing.frame.width.win.classic => 588
[2020-04-18 22:54:04.529]:             loading nbi.wizard.ui.swing.frame.minimum.width.aqua => 640
[2020-04-18 22:54:04.529]:             loading nbi.wizard.ui.swing.frame.minimum.height.metal => 470
[2020-04-18 22:54:04.529]:     ... finished loading engine properties
[2020-04-18 22:54:04.529]:     exiting -- org.netbeans.installer.Installer.<init>():103
[2020-04-18 22:54:04.529]:     initializing the local directory
[2020-04-18 22:54:04.529]:         ... custom local directory was not specified, using the default
[2020-04-18 22:54:04.529]:         ... local directory: C:\Users\andre\.nbi
[2020-04-18 22:54:04.529]:     ... finished initializing local directory
[2020-04-18 22:54:04.576]:     entering -- org.netbeans.installer.Installer.<init>():109
[2020-04-18 22:54:04.576]:     ... initializing DownloadManager
[2020-04-18 22:54:04.576]:         file not exist, queue is empty!
[2020-04-18 22:54:04.576]:     ... end of initializing DownloadManager
[2020-04-18 22:54:04.576]:     exiting -- org.netbeans.installer.Installer.<init>():109
[2020-04-18 22:54:04.576]:     entering -- org.netbeans.installer.Installer.<init>():110
[2020-04-18 22:54:04.576]:     ... initializing Registry
[2020-04-18 22:54:04.592]:     ... end of initializing ErrorHandler
[2020-04-18 22:54:04.592]:     exiting -- org.netbeans.installer.Installer.<init>():110
[2020-04-18 22:54:04.592]:     entering -- org.netbeans.installer.Installer.<init>():111
[2020-04-18 22:54:04.592]:     ... initializing Wizard
[2020-04-18 22:54:04.670]:         ... loading registry from resource:data/registry.xml
[2020-04-18 22:54:04.732]:         entering -- org.netbeans.installer.product.Registry.loadProductRegistry():981
[2020-04-18 22:54:04.732]:         validating previous installations
[2020-04-18 22:54:04.732]:         ... validating installations finished
[2020-04-18 22:54:04.732]:         exiting -- org.netbeans.installer.product.Registry.loadProductRegistry():981
[2020-04-18 22:54:04.732]:         Can`t load message in bundle org.netbeans.installer.wizard.components.panels.netbeans.Bundle for key NPrISP.installation.folders using [sun.misc.Launcher$AppClassLoader@5c647e05] classloader
[2020-04-18 22:54:04.748]:     ... end of initializing Wizard
[2020-04-18 22:54:04.748]:     exiting -- org.netbeans.installer.Installer.<init>():111
[2020-04-18 22:54:04.748]:     creating lock file
[2020-04-18 22:54:04.748]:         ... created lock file: C:\Users\andre\.nbi\.nbilock
[2020-04-18 22:54:04.748]:     finished creating lock file
[2020-04-18 22:54:04.748]: ... finished initializing the engine
[2020-04-18 22:54:04.748]: exiting -- org.netbeans.installer.Installer.main():61
[2020-04-18 22:54:04.748]: entering -- org.netbeans.installer.Installer.main():61
[2020-04-18 22:54:04.748]: starting the installer
[2020-04-18 22:54:04.748]:     ... initializing look and feel
[2020-04-18 22:54:04.748]:         ... custom look and feel class name was not specified, using system default
[2020-04-18 22:54:04.842]:         ... class name: com.sun.java.swing.plaf.windows.WindowsLookAndFeel
[2020-04-18 22:54:04.842]:         ... get installed L&Fs
[2020-04-18 22:54:04.842]:         ... set specified L&F
[2020-04-18 22:54:04.857]:         ... check headless
[2020-04-18 22:54:04.857]:         ... creating JFileChooser object to check possible issues with UI
[2020-04-18 22:54:05.248]:         ... getting default Toolkit to check possible issues with UI
[2020-04-18 22:54:05.248]:         ... creating JProgressBar object to check possible issues with UI
[2020-04-18 22:54:05.248]:         ... all UI checks done
[2020-04-18 22:54:05.248]:         ... L&F is set
[2020-04-18 22:54:05.248]:     ... initializing L&F finished
[2020-04-18 22:54:05.326]:     NameResolver - to parse &Help!
[2020-04-18 22:54:05.326]:     NameResolver - to parse < &Back
[2020-04-18 22:54:05.326]:     NameResolver - to parse &Next >
[2020-04-18 22:54:05.342]:     NameResolver - to parse Cancel
[2020-04-18 22:54:05.342]:     NameResolver - to parse Configuring the Installer...
[2020-04-18 22:54:05.342]:     NameResolver - to parse Configuring the Installer...
[2020-04-18 22:54:05.342]:     NameResolver - to parse Configuring the Installer...
[2020-04-18 22:54:05.342]:     NameResolver - to parse Configuring the Installer...
[2020-04-18 22:54:05.342]:     NameResolver - to parse Please wait while Apache NetBeans IDE installer initializes
[2020-04-18 22:54:05.357]:     NameResolver - to parse Configuring the Installer...
[2020-04-18 22:54:05.357]:     NameResolver - to parse Please wait while Apache NetBeans IDE installer initializes
[2020-04-18 22:54:05.357]: ... finished starting the installer
[2020-04-18 22:54:05.357]: exiting -- org.netbeans.installer.Installer.main():61
[2020-04-18 22:54:05.357]: NameResolver - to parse Configuring the Installer...
[2020-04-18 22:54:05.357]: entering -- org.netbeans.installer.wizard.components.actions.InitializeRegistryAction.execute():53
[2020-04-18 22:54:05.357]: initializing product registry
[2020-04-18 22:54:05.357]:     entering -- org.netbeans.installer.product.Registry.initializeRegistry():170
[2020-04-18 22:54:05.357]:     initializing product registry properties
[2020-04-18 22:54:05.357]:         initializing local product cache directory
[2020-04-18 22:54:05.357]:         ... C:\Users\andre\.nbi\product-cache
[2020-04-18 22:54:05.357]:         initializing local product registry file
[2020-04-18 22:54:05.357]:             ... C:\Users\andre\.nbi\registry.xml
[2020-04-18 22:54:05.357]:             initializing local product registry stub uri
[2020-04-18 22:54:05.357]:             ... resource:org/netbeans/installer/product/default-registry.xml
[2020-04-18 22:54:05.357]:             initializing bundled product registry uri
[2020-04-18 22:54:05.357]:             ... resource:data/registry.xml
[2020-04-18 22:54:05.357]:             initializing product registry schema uri
[2020-04-18 22:54:05.357]:             ... resource:org/netbeans/installer/product/registry.xsd
[2020-04-18 22:54:05.357]:             initializing remote product registries uris
[2020-04-18 22:54:05.357]:             initializing state file schema uri
[2020-04-18 22:54:05.357]:             ... resource:org/netbeans/installer/product/state-file.xsd
[2020-04-18 22:54:05.357]:             initializing default state file uri
[2020-04-18 22:54:05.357]:             ... resource:org/netbeans/installer/product/default-state-file.xml
[2020-04-18 22:54:05.357]:             initializing target platform
[2020-04-18 22:54:05.357]:             ... windows-x64
[2020-04-18 22:54:05.357]:     initializing product registry properties
[2020-04-18 22:54:05.357]:     exiting -- org.netbeans.installer.product.Registry.initializeRegistry():170
[2020-04-18 22:54:05.357]:     ... loading registry from file:/C:/Users/andre/.nbi/registry.xml
[2020-04-18 22:54:05.389]:     entering -- org.netbeans.installer.product.Registry.loadProductRegistry():981
[2020-04-18 22:54:05.389]:     validating previous installations
[2020-04-18 22:54:05.404]:         NameResolver - to parse C:\Program Files\NetBeans-11.3
[2020-04-18 22:54:05.420]:         NameResolver - to parse C:\Program Files\NetBeans-11.3
[2020-04-18 22:54:05.420]:         NameResolver - to parse C:\Program Files\NetBeans-11.3
[2020-04-18 22:54:05.420]:         NameResolver - to parse C:\Program Files\NetBeans-11.3
[2020-04-18 22:54:05.435]:         NameResolver - to parse C:\Program Files\NetBeans-11.3
[2020-04-18 22:54:05.435]:         NameResolver - to parse C:\Program Files\NetBeans-11.3
[2020-04-18 22:54:05.435]:     ... validating installations finished
[2020-04-18 22:54:05.435]:     exiting -- org.netbeans.installer.product.Registry.loadProductRegistry():981
[2020-04-18 22:54:05.435]:     ... loading registry from resource:data/registry.xml
[2020-04-18 22:54:05.451]:     entering -- org.netbeans.installer.product.Registry.loadProductRegistry():981
[2020-04-18 22:54:05.451]:     validating previous installations
[2020-04-18 22:54:05.451]:         NameResolver - to parse C:\Program Files\NetBeans-11.3
[2020-04-18 22:54:05.451]:         NameResolver - to parse C:\Program Files\NetBeans-11.3
[2020-04-18 22:54:05.451]:         NameResolver - to parse C:\Program Files\NetBeans-11.3
[2020-04-18 22:54:05.451]:         NameResolver - to parse C:\Program Files\NetBeans-11.3
[2020-04-18 22:54:05.451]:         NameResolver - to parse C:\Program Files\NetBeans-11.3
[2020-04-18 22:54:05.467]:         NameResolver - to parse C:\Program Files\NetBeans-11.3
[2020-04-18 22:54:05.467]:     ... validating installations finished
[2020-04-18 22:54:05.467]:     exiting -- org.netbeans.installer.product.Registry.loadProductRegistry():981
[2020-04-18 22:54:05.467]: ... product registry initialization complete
[2020-04-18 22:54:05.467]: exiting -- org.netbeans.installer.wizard.components.actions.InitializeRegistryAction.execute():53
[2020-04-18 22:54:05.467]: ... bundledProductSkip = null
[2020-04-18 22:54:05.467]: ... bundledProductToInstall = null
[2020-04-18 22:54:05.482]: NameResolver - to parse resource:org/netbeans/installer/wizard/components/panels/netbeans/resources/welcome-left-bottom.png
[2020-04-18 22:54:05.482]: NameResolver - to parse &Help!
[2020-04-18 22:54:05.498]: NameResolver - to parse < &Back
[2020-04-18 22:54:05.498]: NameResolver - to parse &Next >
[2020-04-18 22:54:05.498]: NameResolver - to parse Cancel
[2020-04-18 22:54:05.498]: NameResolver - to parse <html><h2 style="color: #FF8E00; bold">Welcome to the Apache NetBeans IDE 11.3 Installer</h2>
[2020-04-18 22:54:05.498]: NameResolver - to parse </html>
[2020-04-18 22:54:05.498]: NameResolver - to parse text/html
[2020-04-18 22:54:05.514]: NameResolver - to parse <html>
[2020-04-18 22:54:05.514]: NameResolver - to parse The installer will install the NetBeans IDE with the following packs and runtimes.<br>Click Customize to select the packs and runtimes to install.<br><br>
[2020-04-18 22:54:05.514]: NameResolver - to parse text/html
[2020-04-18 22:54:05.529]: NameResolver - to parse <html>
[2020-04-18 22:54:05.529]: NameResolver - to parse {0} <span style="color: gray">(Already Installed)</span><br>
[2020-04-18 22:54:05.529]: NameResolver - to parse {0} <span style="color: gray">(Already Installed)</span><br>
[2020-04-18 22:54:05.529]: NameResolver - to parse {0} <span style="color: gray">(Already Installed)</span><br>
[2020-04-18 22:54:05.529]: NameResolver - to parse {0} <span style="color: gray">(Already Installed)</span><br>
[2020-04-18 22:54:05.529]: NameResolver - to parse {0} <span style="color: gray">(Already Installed)</span><br>
[2020-04-18 22:54:05.529]: NameResolver - to parse </html>
[2020-04-18 22:54:05.529]: NameResolver - to parse text/html
[2020-04-18 22:54:05.529]: NameResolver - to parse &Customize...
[2020-04-18 22:54:05.545]: NameResolver - to parse All of the available components are already installed. Click Cancel to exit the installer.
[2020-04-18 22:54:05.545]: NameResolver - to parse All of the available components are already installed. Click Cancel to exit the installer.
[2020-04-18 22:54:05.560]: NameResolver - to parse <dummy description>
[2020-04-18 22:54:07.553]: NameResolver - to parse All of the available components are already installed. Click Cancel to exit the installer.
[2020-04-18 22:54:09.568]: NameResolver - to parse All of the available components are already installed. Click Cancel to exit the installer.
[2020-04-18 22:54:11.584]: NameResolver - to parse All of the available components are already installed. Click Cancel to exit the installer.
[2020-04-18 22:54:11.755]: NameResolver - to parse Cancel
[2020-04-18 22:54:11.755]: NameResolver - to parse Are you sure you want to cancel?
[2020-04-18 22:54:11.755]: ... showing Yes/No dialog
[2020-04-18 22:54:11.755]:     title: Cancel
[2020-04-18 22:54:11.755]:     message: Are you sure you want to cancel?
[2020-04-18 22:54:13.505]: ... dialog closed, choice : yes
