[2021-04-08][16:35:18][DEBUG][discord_dispatch::application_manager:195] App started. version="1.10.5"
[2021-04-08][16:35:18][DEBUG][discord_dispatch::application_manager:1030] Searching for applications. install_path=AbsolutePath { path_buf: "C:\\Users\\andre\\AppData\\Local\\DiscordGames" }
[2021-04-08][16:35:18][WARN][discord_dispatch::application_manager:1034] Failed to read install path. path=AbsolutePath { path_buf: "C:\\Users\\andre\\AppData\\Local\\DiscordGames" } error=Os { code: 3, kind: NotFound, message: "El sistema no puede encontrar la ruta especificada." }
[2021-04-08][16:35:19][DEBUG][discord_dispatch::application_manager:237] Resume requested.
[2021-04-08][20:01:43][DEBUG][discord_dispatch::application_manager:233] Pause requested.
[2021-04-09][10:19:18][DEBUG][discord_dispatch::application_manager:195] App started. version="1.10.5"
[2021-04-09][10:19:18][DEBUG][discord_dispatch::application_manager:1030] Searching for applications. install_path=AbsolutePath { path_buf: "C:\\Users\\andre\\AppData\\Local\\DiscordGames" }
[2021-04-09][10:19:18][WARN][discord_dispatch::application_manager:1034] Failed to read install path. path=AbsolutePath { path_buf: "C:\\Users\\andre\\AppData\\Local\\DiscordGames" } error=Os { code: 3, kind: NotFound, message: "El sistema no puede encontrar la ruta especificada." }
[2021-04-09][11:06:51][DEBUG][discord_dispatch::application_manager:712] Updating credentials.
[2021-04-09][19:08:24][DEBUG][discord_dispatch::application_manager:195] App started. version="1.10.5"
[2021-04-09][19:08:24][DEBUG][discord_dispatch::application_manager:1030] Searching for applications. install_path=AbsolutePath { path_buf: "C:\\Users\\andre\\AppData\\Local\\DiscordGames" }
[2021-04-09][19:08:24][WARN][discord_dispatch::application_manager:1034] Failed to read install path. path=AbsolutePath { path_buf: "C:\\Users\\andre\\AppData\\Local\\DiscordGames" } error=Os { code: 3, kind: NotFound, message: "El sistema no puede encontrar la ruta especificada." }
[2021-04-09][19:55:36][DEBUG][discord_dispatch::application_manager:712] Updating credentials.
[2021-04-09][23:07:52][DEBUG][discord_dispatch::application_manager:712] Updating credentials.
[2021-04-10][00:55:26][DEBUG][discord_dispatch::application_manager:712] Updating credentials.
[2021-04-10][01:55:08][DEBUG][discord_dispatch::application_manager:712] Updating credentials.
[2021-04-10][02:52:55][DEBUG][discord_dispatch::application_manager:712] Updating credentials.
[2021-04-10][03:17:09][DEBUG][discord_dispatch::application_manager:712] Updating credentials.
[2021-04-10][14:17:05][DEBUG][discord_dispatch::application_manager:712] Updating credentials.
[2021-04-10][19:34:26][DEBUG][discord_dispatch::application_manager:712] Updating credentials.
[2021-04-10][20:04:24][DEBUG][discord_dispatch::application_manager:712] Updating credentials.
[2021-04-10][20:22:32][DEBUG][discord_dispatch::application_manager:712] Updating credentials.
[2021-04-11][14:14:57][DEBUG][discord_dispatch::application_manager:712] Updating credentials.
[2021-04-11][18:32:49][DEBUG][discord_dispatch::application_manager:195] App started. version="1.10.5"
[2021-04-11][18:32:49][DEBUG][discord_dispatch::application_manager:1030] Searching for applications. install_path=AbsolutePath { path_buf: "C:\\Users\\andre\\AppData\\Local\\DiscordGames" }
[2021-04-11][18:32:49][WARN][discord_dispatch::application_manager:1034] Failed to read install path. path=AbsolutePath { path_buf: "C:\\Users\\andre\\AppData\\Local\\DiscordGames" } error=Os { code: 3, kind: NotFound, message: "El sistema no puede encontrar la ruta especificada." }
[2021-04-11][21:43:34][DEBUG][discord_dispatch::application_manager:712] Updating credentials.
[2021-04-11][21:47:05][DEBUG][discord_dispatch::application_manager:712] Updating credentials.
[2021-04-12][17:56:41][DEBUG][discord_dispatch::application_manager:195] App started. version="1.10.5"
[2021-04-12][17:56:41][DEBUG][discord_dispatch::application_manager:1030] Searching for applications. install_path=AbsolutePath { path_buf: "C:\\Users\\andre\\AppData\\Local\\DiscordGames" }
[2021-04-12][17:56:41][WARN][discord_dispatch::application_manager:1034] Failed to read install path. path=AbsolutePath { path_buf: "C:\\Users\\andre\\AppData\\Local\\DiscordGames" } error=Os { code: 3, kind: NotFound, message: "El sistema no puede encontrar la ruta especificada." }
[2021-04-12][18:42:57][DEBUG][discord_dispatch::application_manager:195] App started. version="1.10.5"
[2021-04-12][18:42:57][DEBUG][discord_dispatch::application_manager:1030] Searching for applications. install_path=AbsolutePath { path_buf: "C:\\Users\\andre\\AppData\\Local\\DiscordGames" }
[2021-04-12][18:42:57][WARN][discord_dispatch::application_manager:1034] Failed to read install path. path=AbsolutePath { path_buf: "C:\\Users\\andre\\AppData\\Local\\DiscordGames" } error=Os { code: 3, kind: NotFound, message: "El sistema no puede encontrar la ruta especificada." }
[2021-04-13][17:45:58][DEBUG][discord_dispatch::application_manager:195] App started. version="1.10.5"
[2021-04-13][17:45:58][DEBUG][discord_dispatch::application_manager:1030] Searching for applications. install_path=AbsolutePath { path_buf: "C:\\Users\\andre\\AppData\\Local\\DiscordGames" }
[2021-04-13][17:45:58][WARN][discord_dispatch::application_manager:1034] Failed to read install path. path=AbsolutePath { path_buf: "C:\\Users\\andre\\AppData\\Local\\DiscordGames" } error=Os { code: 3, kind: NotFound, message: "El sistema no puede encontrar la ruta especificada." }
[2021-04-14][12:49:11][DEBUG][discord_dispatch::application_manager:195] App started. version="1.10.5"
[2021-04-14][12:49:11][DEBUG][discord_dispatch::application_manager:1030] Searching for applications. install_path=AbsolutePath { path_buf: "C:\\Users\\andre\\AppData\\Local\\DiscordGames" }
[2021-04-14][12:49:11][WARN][discord_dispatch::application_manager:1034] Failed to read install path. path=AbsolutePath { path_buf: "C:\\Users\\andre\\AppData\\Local\\DiscordGames" } error=Os { code: 3, kind: NotFound, message: "El sistema no puede encontrar la ruta especificada." }
[2021-04-14][15:37:33][DEBUG][discord_dispatch::application_manager:712] Updating credentials.
[2021-04-14][23:11:32][DEBUG][discord_dispatch::application_manager:195] App started. version="1.10.5"
[2021-04-14][23:11:32][DEBUG][discord_dispatch::application_manager:1030] Searching for applications. install_path=AbsolutePath { path_buf: "C:\\Users\\andre\\AppData\\Local\\DiscordGames" }
[2021-04-14][23:11:32][WARN][discord_dispatch::application_manager:1034] Failed to read install path. path=AbsolutePath { path_buf: "C:\\Users\\andre\\AppData\\Local\\DiscordGames" } error=Os { code: 3, kind: NotFound, message: "El sistema no puede encontrar la ruta especificada." }
[2021-04-15][17:51:46][DEBUG][discord_dispatch::application_manager:195] App started. version="1.10.5"
[2021-04-15][17:51:46][DEBUG][discord_dispatch::application_manager:1030] Searching for applications. install_path=AbsolutePath { path_buf: "C:\\Users\\andre\\AppData\\Local\\DiscordGames" }
[2021-04-15][17:51:46][WARN][discord_dispatch::application_manager:1034] Failed to read install path. path=AbsolutePath { path_buf: "C:\\Users\\andre\\AppData\\Local\\DiscordGames" } error=Os { code: 3, kind: NotFound, message: "El sistema no puede encontrar la ruta especificada." }
[2021-04-16][19:06:24][DEBUG][discord_dispatch::application_manager:195] App started. version="1.10.5"
[2021-04-16][19:06:24][DEBUG][discord_dispatch::application_manager:1030] Searching for applications. install_path=AbsolutePath { path_buf: "C:\\Users\\andre\\AppData\\Local\\DiscordGames" }
[2021-04-16][19:06:24][WARN][discord_dispatch::application_manager:1034] Failed to read install path. path=AbsolutePath { path_buf: "C:\\Users\\andre\\AppData\\Local\\DiscordGames" } error=Os { code: 3, kind: NotFound, message: "El sistema no puede encontrar la ruta especificada." }
